NOTE: Picked up JDK_JAVA_OPTIONS:  --add-opens=java.base/java.lang=ALL-UNNAMED --add-opens=java.base/java.io=ALL-UNNAMED --add-opens=java.rmi/sun.rmi.transport=ALL-UNNAMED
Java HotSpot(TM) 64-Bit Server VM warning: Ignoring option MaxPermSize; support was removed in 8.0
Java HotSpot(TM) 64-Bit Server VM warning: Ignoring option PermSize; support was removed in 8.0
12-Mar-2019 17:34:11.410 INFO [main] org.apache.catalina.startup.VersionLoggerListener.log Server version:        Apache Tomcat/9.0.12
12-Mar-2019 17:34:11.416 INFO [main] org.apache.catalina.startup.VersionLoggerListener.log Server built:          Sep 4 2018 22:13:41 UTC
12-Mar-2019 17:34:11.416 INFO [main] org.apache.catalina.startup.VersionLoggerListener.log Server number:         9.0.12.0
12-Mar-2019 17:34:11.417 INFO [main] org.apache.catalina.startup.VersionLoggerListener.log OS Name:               Mac OS X
12-Mar-2019 17:34:11.417 INFO [main] org.apache.catalina.startup.VersionLoggerListener.log OS Version:            10.14.3
12-Mar-2019 17:34:11.417 INFO [main] org.apache.catalina.startup.VersionLoggerListener.log Architecture:          x86_64
12-Mar-2019 17:34:11.417 INFO [main] org.apache.catalina.startup.VersionLoggerListener.log Java Home:             /Library/Java/JavaVirtualMachines/jdk-11.0.1.jdk/Contents/Home
12-Mar-2019 17:34:11.418 INFO [main] org.apache.catalina.startup.VersionLoggerListener.log JVM Version:           11.0.1+13-LTS
12-Mar-2019 17:34:11.418 INFO [main] org.apache.catalina.startup.VersionLoggerListener.log JVM Vendor:            Oracle Corporation
12-Mar-2019 17:34:11.418 INFO [main] org.apache.catalina.startup.VersionLoggerListener.log CATALINA_BASE:         /Users/kh2406/Downloads/Camunda/camunda-bpm-ee-tomcat-7.10.3-ee/server/apache-tomcat-9.0.12
12-Mar-2019 17:34:11.418 INFO [main] org.apache.catalina.startup.VersionLoggerListener.log CATALINA_HOME:         /Users/kh2406/Downloads/Camunda/camunda-bpm-ee-tomcat-7.10.3-ee/server/apache-tomcat-9.0.12
12-Mar-2019 17:34:11.421 INFO [main] org.apache.catalina.startup.VersionLoggerListener.log Command line argument: --add-opens=java.base/java.lang=ALL-UNNAMED
12-Mar-2019 17:34:11.421 INFO [main] org.apache.catalina.startup.VersionLoggerListener.log Command line argument: --add-opens=java.base/java.io=ALL-UNNAMED
12-Mar-2019 17:34:11.421 INFO [main] org.apache.catalina.startup.VersionLoggerListener.log Command line argument: --add-opens=java.rmi/sun.rmi.transport=ALL-UNNAMED
12-Mar-2019 17:34:11.421 INFO [main] org.apache.catalina.startup.VersionLoggerListener.log Command line argument: -Djava.util.logging.config.file=/Users/kh2406/Downloads/Camunda/camunda-bpm-ee-tomcat-7.10.3-ee/server/apache-tomcat-9.0.12/conf/logging.properties
12-Mar-2019 17:34:11.421 INFO [main] org.apache.catalina.startup.VersionLoggerListener.log Command line argument: -Djava.util.logging.manager=org.apache.juli.ClassLoaderLogManager
12-Mar-2019 17:34:11.421 INFO [main] org.apache.catalina.startup.VersionLoggerListener.log Command line argument: -Djdk.tls.ephemeralDHKeySize=2048
12-Mar-2019 17:34:11.421 INFO [main] org.apache.catalina.startup.VersionLoggerListener.log Command line argument: -Djava.protocol.handler.pkgs=org.apache.catalina.webresources
12-Mar-2019 17:34:11.422 INFO [main] org.apache.catalina.startup.VersionLoggerListener.log Command line argument: -Dorg.apache.catalina.security.SecurityListener.UMASK=0027
12-Mar-2019 17:34:11.422 INFO [main] org.apache.catalina.startup.VersionLoggerListener.log Command line argument: -Xmx512m
12-Mar-2019 17:34:11.422 INFO [main] org.apache.catalina.startup.VersionLoggerListener.log Command line argument: -XX:MaxPermSize=256m
12-Mar-2019 17:34:11.422 INFO [main] org.apache.catalina.startup.VersionLoggerListener.log Command line argument: -XX:PermSize=256m
12-Mar-2019 17:34:11.422 INFO [main] org.apache.catalina.startup.VersionLoggerListener.log Command line argument: -Dignore.endorsed.dirs=
12-Mar-2019 17:34:11.423 INFO [main] org.apache.catalina.startup.VersionLoggerListener.log Command line argument: -Dcatalina.base=/Users/kh2406/Downloads/Camunda/camunda-bpm-ee-tomcat-7.10.3-ee/server/apache-tomcat-9.0.12
12-Mar-2019 17:34:11.423 INFO [main] org.apache.catalina.startup.VersionLoggerListener.log Command line argument: -Dcatalina.home=/Users/kh2406/Downloads/Camunda/camunda-bpm-ee-tomcat-7.10.3-ee/server/apache-tomcat-9.0.12
12-Mar-2019 17:34:11.423 INFO [main] org.apache.catalina.startup.VersionLoggerListener.log Command line argument: -Djava.io.tmpdir=/Users/kh2406/Downloads/Camunda/camunda-bpm-ee-tomcat-7.10.3-ee/server/apache-tomcat-9.0.12/temp
12-Mar-2019 17:34:11.423 INFO [main] org.apache.catalina.core.AprLifecycleListener.lifecycleEvent The APR based Apache Tomcat Native library which allows optimal performance in production environments was not found on the java.library.path: [/Users/kh2406/Library/Java/Extensions:/Library/Java/Extensions:/Network/Library/Java/Extensions:/System/Library/Java/Extensions:/usr/lib/java:.]
12-Mar-2019 17:34:11.498 INFO [main] org.apache.coyote.AbstractProtocol.init Initializing ProtocolHandler ["http-nio-8080"]
12-Mar-2019 17:34:11.522 INFO [main] org.apache.tomcat.util.net.NioSelectorPool.getSharedSelector Using a shared selector for servlet write/read
12-Mar-2019 17:34:11.529 INFO [main] org.apache.coyote.AbstractProtocol.init Initializing ProtocolHandler ["ajp-nio-8009"]
12-Mar-2019 17:34:11.531 INFO [main] org.apache.tomcat.util.net.NioSelectorPool.getSharedSelector Using a shared selector for servlet write/read
12-Mar-2019 17:34:11.532 INFO [main] org.apache.catalina.startup.Catalina.load Initialization processed in 634 ms
12-Mar-2019 17:34:11.893 INFO [main] org.camunda.commons.logging.BaseLogger.logInfo ENGINE-08046 Found camunda bpm platform configuration in CATALINA_BASE/CATALINA_HOME conf directory [/Users/kh2406/Downloads/Camunda/camunda-bpm-ee-tomcat-7.10.3-ee/server/apache-tomcat-9.0.12/conf/bpm-platform.xml] at 'file:/Users/kh2406/Downloads/Camunda/camunda-bpm-ee-tomcat-7.10.3-ee/server/apache-tomcat-9.0.12/conf/bpm-platform.xml'
12-Mar-2019 17:34:12.055 INFO [main] org.camunda.commons.logging.BaseLogger.logInfo ENGINE-12003 Plugin 'ProcessApplicationEventListenerPlugin' activated on process engine 'default'
12-Mar-2019 17:34:12.062 INFO [main] org.camunda.commons.logging.BaseLogger.logInfo ENGINE-12003 Plugin 'SpinProcessEnginePlugin' activated on process engine 'default'
12-Mar-2019 17:34:12.066 INFO [main] org.camunda.commons.logging.BaseLogger.logInfo SPIN-01010 Discovered Spin data format provider: org.camunda.spin.impl.json.jackson.format.JacksonJsonDataFormatProvider[name = application/json]
12-Mar-2019 17:34:12.232 INFO [main] org.camunda.commons.logging.BaseLogger.logInfo SPIN-01010 Discovered Spin data format provider: org.camunda.spin.impl.xml.dom.format.DomXmlDataFormatProvider[name = application/xml]
12-Mar-2019 17:34:12.244 INFO [main] org.camunda.commons.logging.BaseLogger.logInfo SPIN-01009 Discovered Spin data format: org.camunda.spin.impl.xml.dom.format.DomXmlDataFormat[name = application/xml]
12-Mar-2019 17:34:12.244 INFO [main] org.camunda.commons.logging.BaseLogger.logInfo SPIN-01009 Discovered Spin data format: org.camunda.spin.impl.json.jackson.format.JacksonJsonDataFormat[name = application/json]
12-Mar-2019 17:34:12.244 INFO [main] org.camunda.commons.logging.BaseLogger.logInfo ENGINE-12003 Plugin 'ConnectProcessEnginePlugin' activated on process engine 'default'
12-Mar-2019 17:34:12.478 INFO [main] org.camunda.commons.logging.BaseLogger.logInfo CNCT-01004 Discovered provider for connector id 'http-connector' and class 'org.camunda.connect.httpclient.impl.HttpConnectorImpl': 'org.camunda.connect.httpclient.impl.HttpConnectorProviderImpl'
12-Mar-2019 17:34:12.481 INFO [main] org.camunda.commons.logging.BaseLogger.logInfo CNCT-01004 Discovered provider for connector id 'soap-http-connector' and class 'org.camunda.connect.httpclient.soap.impl.SoapHttpConnectorImpl': 'org.camunda.connect.httpclient.soap.impl.SoapHttpConnectorProviderImpl'
12-Mar-2019 17:34:15.760 INFO [main] org.camunda.commons.logging.BaseLogger.logInfo ENGINE-00001 Process Engine default created.
12-Mar-2019 17:34:15.761 INFO [main] org.camunda.commons.logging.BaseLogger.logInfo ENGINE-14014 Starting up the JobExecutor[org.camunda.bpm.engine.impl.jobexecutor.RuntimeContainerJobExecutor].
12-Mar-2019 17:34:15.763 INFO [Thread-5] org.camunda.commons.logging.BaseLogger.logInfo ENGINE-14018 JobExecutor[org.camunda.bpm.engine.impl.jobexecutor.RuntimeContainerJobExecutor] starting to acquire jobs
12-Mar-2019 17:34:15.938 INFO [main] org.camunda.commons.logging.BaseLogger.logInfo ENGINE-08048 Camunda BPM platform sucessfully started at 'Apache Tomcat/9.0.12'.
12-Mar-2019 17:34:15.951 INFO [main] org.apache.catalina.core.StandardService.startInternal Starting service [Catalina]
12-Mar-2019 17:34:15.951 INFO [main] org.apache.catalina.core.StandardEngine.startInternal Starting Servlet Engine: Apache Tomcat/9.0.12
12-Mar-2019 17:34:15.960 INFO [main] org.apache.catalina.startup.HostConfig.deployDirectory Deploying web application directory [/Users/kh2406/Downloads/Camunda/camunda-bpm-ee-tomcat-7.10.3-ee/server/apache-tomcat-9.0.12/webapps/camunda-welcome]
12-Mar-2019 17:34:16.332 FINE [main] org.apache.jasper.servlet.TldScanner.scanResourcePaths No TLD files were found in resource path [/WEB-INF/].
12-Mar-2019 17:34:16.374 INFO [main] org.apache.catalina.startup.HostConfig.deployDirectory Deployment of web application directory [/Users/kh2406/Downloads/Camunda/camunda-bpm-ee-tomcat-7.10.3-ee/server/apache-tomcat-9.0.12/webapps/camunda-welcome] has finished in [413] ms
12-Mar-2019 17:34:16.375 INFO [main] org.apache.catalina.startup.HostConfig.deployDirectory Deploying web application directory [/Users/kh2406/Downloads/Camunda/camunda-bpm-ee-tomcat-7.10.3-ee/server/apache-tomcat-9.0.12/webapps/engine-rest]
12-Mar-2019 17:34:16.496 FINE [main] org.apache.jasper.servlet.TldScanner.scanResourcePaths No TLD files were found in resource path [/WEB-INF/].
12-Mar-2019 17:34:16.565 SEVERE [main] org.apache.catalina.core.StandardContext.startInternal One or more Filters failed to start. Full details will be found in the appropriate container log file
12-Mar-2019 17:34:16.567 SEVERE [main] org.apache.catalina.core.StandardContext.startInternal Context [/engine-rest] startup failed due to previous errors
12-Mar-2019 17:34:16.585 INFO [main] org.apache.catalina.startup.HostConfig.deployDirectory Deployment of web application directory [/Users/kh2406/Downloads/Camunda/camunda-bpm-ee-tomcat-7.10.3-ee/server/apache-tomcat-9.0.12/webapps/engine-rest] has finished in [210] ms
12-Mar-2019 17:34:16.585 INFO [main] org.apache.catalina.startup.HostConfig.deployDirectory Deploying web application directory [/Users/kh2406/Downloads/Camunda/camunda-bpm-ee-tomcat-7.10.3-ee/server/apache-tomcat-9.0.12/webapps/h2]
12-Mar-2019 17:34:16.607 FINE [main] org.apache.jasper.servlet.TldScanner.scanResourcePaths No TLD files were found in resource path [/WEB-INF/].
12-Mar-2019 17:34:16.616 INFO [main] org.apache.catalina.startup.HostConfig.deployDirectory Deployment of web application directory [/Users/kh2406/Downloads/Camunda/camunda-bpm-ee-tomcat-7.10.3-ee/server/apache-tomcat-9.0.12/webapps/h2] has finished in [30] ms
12-Mar-2019 17:34:16.616 INFO [main] org.apache.catalina.startup.HostConfig.deployDirectory Deploying web application directory [/Users/kh2406/Downloads/Camunda/camunda-bpm-ee-tomcat-7.10.3-ee/server/apache-tomcat-9.0.12/webapps/camunda]
12-Mar-2019 17:34:16.727 FINE [main] org.apache.jasper.servlet.TldScanner.scanResourcePaths No TLD files were found in resource path [/WEB-INF/].
12-Mar-2019 17:34:17.217 INFO [main] org.apache.catalina.startup.HostConfig.deployDirectory Deployment of web application directory [/Users/kh2406/Downloads/Camunda/camunda-bpm-ee-tomcat-7.10.3-ee/server/apache-tomcat-9.0.12/webapps/camunda] has finished in [600] ms
12-Mar-2019 17:34:17.217 INFO [main] org.apache.catalina.startup.HostConfig.deployDirectory Deploying web application directory [/Users/kh2406/Downloads/Camunda/camunda-bpm-ee-tomcat-7.10.3-ee/server/apache-tomcat-9.0.12/webapps/docs]
12-Mar-2019 17:34:17.232 FINE [main] org.apache.jasper.servlet.TldScanner.scanResourcePaths No TLD files were found in resource path [/WEB-INF/].
12-Mar-2019 17:34:17.234 INFO [main] org.apache.catalina.startup.HostConfig.deployDirectory Deployment of web application directory [/Users/kh2406/Downloads/Camunda/camunda-bpm-ee-tomcat-7.10.3-ee/server/apache-tomcat-9.0.12/webapps/docs] has finished in [17] ms
12-Mar-2019 17:34:17.235 INFO [main] org.apache.catalina.startup.HostConfig.deployDirectory Deploying web application directory [/Users/kh2406/Downloads/Camunda/camunda-bpm-ee-tomcat-7.10.3-ee/server/apache-tomcat-9.0.12/webapps/manager]
12-Mar-2019 17:34:17.257 FINE [main] org.apache.jasper.servlet.TldScanner.scanResourcePaths No TLD files were found in resource path [/WEB-INF/jsp/].
12-Mar-2019 17:34:17.257 FINE [main] org.apache.jasper.servlet.TldScanner.scanResourcePaths No TLD files were found in resource path [/WEB-INF/].
12-Mar-2019 17:34:17.262 INFO [main] org.apache.catalina.startup.HostConfig.deployDirectory Deployment of web application directory [/Users/kh2406/Downloads/Camunda/camunda-bpm-ee-tomcat-7.10.3-ee/server/apache-tomcat-9.0.12/webapps/manager] has finished in [28] ms
12-Mar-2019 17:34:17.263 INFO [main] org.apache.catalina.startup.HostConfig.deployDirectory Deploying web application directory [/Users/kh2406/Downloads/Camunda/camunda-bpm-ee-tomcat-7.10.3-ee/server/apache-tomcat-9.0.12/webapps/camunda-invoice]
12-Mar-2019 17:34:17.288 FINE [main] org.apache.jasper.servlet.TldScanner.scanResourcePaths No TLD files were found in resource path [/WEB-INF/].
12-Mar-2019 17:34:17.290 INFO [main] org.camunda.commons.logging.BaseLogger.logInfo ENGINE-07015 Detected @ProcessApplication class 'org.camunda.bpm.example.invoice.InvoiceProcessApplication'
12-Mar-2019 17:34:17.302 INFO [main] org.camunda.commons.logging.BaseLogger.logInfo ENGINE-08024 Found processes.xml file at file:/Users/kh2406/Downloads/Camunda/camunda-bpm-ee-tomcat-7.10.3-ee/server/apache-tomcat-9.0.12/webapps/camunda-invoice/WEB-INF/classes/META-INF/processes.xml
12-Mar-2019 17:34:17.335 INFO [main] org.camunda.commons.logging.BaseLogger.logInfo ENGINE-08023 Deployment summary for process archive 'camunda-invoice': 

        invoiceBusinessDecisions.dmn
        invoice.v2.bpmn
        review-invoice.cmmn

12-Mar-2019 17:34:17.867 INFO [main] org.camunda.commons.logging.BaseLogger.logInfo ENGINE-07021 ProcessApplication 'camunda-invoice' registered for DB deployments [3467b10e-44b9-11e9-90eb-72e9a40b7967, 34ab22b8-44b9-11e9-90eb-72e9a40b7967]. Will execute process definitions 

        invoice[version: 1, id: invoice:1:34793d42-44b9-11e9-90eb-72e9a40b7967]
        invoice[version: 2, id: invoice:2:34b052dc-44b9-11e9-90eb-72e9a40b7967]

Will execute case definitions 

        ReviewInvoiceCase[version: 1, id: ReviewInvoiceCase:1:349550c4-44b9-11e9-90eb-72e9a40b7967]
        ReviewInvoiceCase[version: 2, id: ReviewInvoiceCase:2:34b4236e-44b9-11e9-90eb-72e9a40b7967]

12-Mar-2019 17:34:17.872 INFO [main] org.camunda.commons.logging.BaseLogger.logInfo SPIN-01010 Discovered Spin data format provider: org.camunda.spin.impl.json.jackson.format.JacksonJsonDataFormatProvider[name = application/json]
12-Mar-2019 17:34:17.874 INFO [main] org.camunda.commons.logging.BaseLogger.logInfo SPIN-01010 Discovered Spin data format provider: org.camunda.spin.impl.xml.dom.format.DomXmlDataFormatProvider[name = application/xml]
12-Mar-2019 17:34:17.876 INFO [main] org.camunda.commons.logging.BaseLogger.logInfo SPIN-01009 Discovered Spin data format: org.camunda.spin.impl.xml.dom.format.DomXmlDataFormat[name = application/xml]
12-Mar-2019 17:34:17.876 INFO [main] org.camunda.commons.logging.BaseLogger.logInfo SPIN-01009 Discovered Spin data format: org.camunda.spin.impl.json.jackson.format.JacksonJsonDataFormat[name = application/json]
12-Mar-2019 17:34:17.967 INFO [main] org.camunda.bpm.example.invoice.InvoiceProcessApplication.startProcessInstances No new instances of Invoice Receipt version 1 started, there are 3 instances running
12-Mar-2019 17:34:18.017 INFO [main] org.camunda.bpm.example.invoice.InvoiceProcessApplication.startProcessInstances No new instances of Invoice Receipt version 2 started, there are 3 instances running
12-Mar-2019 17:34:18.017 INFO [main] org.camunda.commons.logging.BaseLogger.logInfo ENGINE-08050 Process application camunda-invoice successfully deployed
12-Mar-2019 17:34:18.020 INFO [main] org.apache.catalina.startup.HostConfig.deployDirectory Deployment of web application directory [/Users/kh2406/Downloads/Camunda/camunda-bpm-ee-tomcat-7.10.3-ee/server/apache-tomcat-9.0.12/webapps/camunda-invoice] has finished in [757] ms
12-Mar-2019 17:34:18.020 INFO [main] org.apache.catalina.startup.HostConfig.deployDirectory Deploying web application directory [/Users/kh2406/Downloads/Camunda/camunda-bpm-ee-tomcat-7.10.3-ee/server/apache-tomcat-9.0.12/webapps/examples]
12-Mar-2019 17:34:18.202 FINE [main] org.apache.jasper.servlet.TldScanner.scanResourcePaths No TLD files were found in resource path [/WEB-INF/jsp/applet/].
12-Mar-2019 17:34:18.203 FINE [main] org.apache.jasper.servlet.TldScanner.scanResourcePaths TLD files were found in resource path [/WEB-INF/jsp/].
12-Mar-2019 17:34:18.205 FINE [main] org.apache.jasper.servlet.TldScanner.scanResourcePaths No TLD files were found in resource path [/WEB-INF/tags/].
12-Mar-2019 17:34:18.205 FINE [main] org.apache.jasper.servlet.TldScanner.scanResourcePaths TLD files were found in resource path [/WEB-INF/jsp2/].
12-Mar-2019 17:34:18.205 FINE [main] org.apache.jasper.servlet.TldScanner.scanResourcePaths No TLD files were found in resource path [/WEB-INF/].
12-Mar-2019 17:34:18.224 INFO [main] org.apache.catalina.startup.HostConfig.deployDirectory Deployment of web application directory [/Users/kh2406/Downloads/Camunda/camunda-bpm-ee-tomcat-7.10.3-ee/server/apache-tomcat-9.0.12/webapps/examples] has finished in [204] ms
12-Mar-2019 17:34:18.224 INFO [main] org.apache.catalina.startup.HostConfig.deployDirectory Deploying web application directory [/Users/kh2406/Downloads/Camunda/camunda-bpm-ee-tomcat-7.10.3-ee/server/apache-tomcat-9.0.12/webapps/ROOT]
12-Mar-2019 17:34:18.241 FINE [main] org.apache.jasper.servlet.TldScanner.scanResourcePaths No TLD files were found in resource path [/WEB-INF/].
12-Mar-2019 17:34:18.245 INFO [main] org.apache.catalina.startup.HostConfig.deployDirectory Deployment of web application directory [/Users/kh2406/Downloads/Camunda/camunda-bpm-ee-tomcat-7.10.3-ee/server/apache-tomcat-9.0.12/webapps/ROOT] has finished in [21] ms
12-Mar-2019 17:34:18.245 INFO [main] org.apache.catalina.startup.HostConfig.deployDirectory Deploying web application directory [/Users/kh2406/Downloads/Camunda/camunda-bpm-ee-tomcat-7.10.3-ee/server/apache-tomcat-9.0.12/webapps/host-manager]
12-Mar-2019 17:34:18.265 FINE [main] org.apache.jasper.servlet.TldScanner.scanResourcePaths No TLD files were found in resource path [/WEB-INF/jsp/].
12-Mar-2019 17:34:18.266 FINE [main] org.apache.jasper.servlet.TldScanner.scanResourcePaths No TLD files were found in resource path [/WEB-INF/].
12-Mar-2019 17:34:18.271 INFO [main] org.apache.catalina.startup.HostConfig.deployDirectory Deployment of web application directory [/Users/kh2406/Downloads/Camunda/camunda-bpm-ee-tomcat-7.10.3-ee/server/apache-tomcat-9.0.12/webapps/host-manager] has finished in [26] ms
12-Mar-2019 17:34:18.274 INFO [main] org.apache.coyote.AbstractProtocol.start Starting ProtocolHandler ["http-nio-8080"]
12-Mar-2019 17:34:18.283 INFO [main] org.apache.coyote.AbstractProtocol.start Starting ProtocolHandler ["ajp-nio-8009"]
12-Mar-2019 17:34:18.286 INFO [main] org.apache.catalina.startup.Catalina.start Server startup in 6754 ms
