12-Mar-2019 17:34:16.339 FINE [main] org.apache.catalina.core.StandardContext.listenerStart Sending application start events
12-Mar-2019 17:34:16.350 FINE [main] org.apache.catalina.core.StandardContext.filterStart Starting filters
12-Mar-2019 17:34:16.350 FINE [main] org.apache.catalina.core.StandardContext.filterStart  Starting filter 'Tomcat WebSocket (JSR356) Filter'
12-Mar-2019 17:34:16.537 FINE [main] org.apache.catalina.core.StandardContext.listenerStart  Configuring event listener class 'org.camunda.bpm.engine.rest.impl.FetchAndLockContextListener'
12-Mar-2019 17:34:16.538 FINE [main] org.apache.catalina.core.StandardContext.listenerStart Sending application start events
12-Mar-2019 17:34:16.551 FINE [main] org.apache.catalina.core.StandardContext.filterStart Starting filters
12-Mar-2019 17:34:16.551 FINE [main] org.apache.catalina.core.StandardContext.filterStart  Starting filter 'CorsFilter'
12-Mar-2019 17:34:16.557 SEVERE [main] org.apache.catalina.core.StandardContext.filterStart Exception starting filter [CorsFilter]
 javax.servlet.ServletException: It is not allowed to configure supportsCredentials=[true] when allowedOrigins=[*]
	at org.apache.catalina.filters.CorsFilter.parseAndStore(CorsFilter.java:759)
	at org.apache.catalina.filters.CorsFilter.init(CorsFilter.java:183)
	at javax.servlet.GenericFilter.init(GenericFilter.java:61)
	at org.apache.catalina.core.ApplicationFilterConfig.initFilter(ApplicationFilterConfig.java:270)
	at org.apache.catalina.core.ApplicationFilterConfig.getFilter(ApplicationFilterConfig.java:251)
	at org.apache.catalina.core.ApplicationFilterConfig.<init>(ApplicationFilterConfig.java:102)
	at org.apache.catalina.core.StandardContext.filterStart(StandardContext.java:4491)
	at org.apache.catalina.core.StandardContext.startInternal(StandardContext.java:5135)
	at org.apache.catalina.util.LifecycleBase.start(LifecycleBase.java:183)
	at org.apache.catalina.core.ContainerBase.addChildInternal(ContainerBase.java:743)
	at org.apache.catalina.core.ContainerBase.addChild(ContainerBase.java:719)
	at org.apache.catalina.core.StandardHost.addChild(StandardHost.java:703)
	at org.apache.catalina.startup.HostConfig.deployDirectory(HostConfig.java:1141)
	at org.apache.catalina.startup.HostConfig$DeployDirectory.run(HostConfig.java:1876)
	at java.base/java.util.concurrent.Executors$RunnableAdapter.call(Executors.java:515)
	at java.base/java.util.concurrent.FutureTask.run(FutureTask.java:264)
	at org.apache.tomcat.util.threads.InlineExecutorService.execute(InlineExecutorService.java:75)
	at java.base/java.util.concurrent.AbstractExecutorService.submit(AbstractExecutorService.java:118)
	at org.apache.catalina.startup.HostConfig.deployDirectories(HostConfig.java:1053)
	at org.apache.catalina.startup.HostConfig.deployApps(HostConfig.java:428)
	at org.apache.catalina.startup.HostConfig.start(HostConfig.java:1585)
	at org.apache.catalina.startup.HostConfig.lifecycleEvent(HostConfig.java:308)
	at org.apache.catalina.util.LifecycleBase.fireLifecycleEvent(LifecycleBase.java:123)
	at org.apache.catalina.util.LifecycleBase.setStateInternal(LifecycleBase.java:424)
	at org.apache.catalina.util.LifecycleBase.setState(LifecycleBase.java:367)
	at org.apache.catalina.core.ContainerBase.startInternal(ContainerBase.java:969)
	at org.apache.catalina.core.StandardHost.startInternal(StandardHost.java:839)
	at org.apache.catalina.util.LifecycleBase.start(LifecycleBase.java:183)
	at org.apache.catalina.core.ContainerBase$StartChild.call(ContainerBase.java:1429)
	at org.apache.catalina.core.ContainerBase$StartChild.call(ContainerBase.java:1419)
	at java.base/java.util.concurrent.FutureTask.run(FutureTask.java:264)
	at org.apache.tomcat.util.threads.InlineExecutorService.execute(InlineExecutorService.java:75)
	at java.base/java.util.concurrent.AbstractExecutorService.submit(AbstractExecutorService.java:140)
	at org.apache.catalina.core.ContainerBase.startInternal(ContainerBase.java:944)
	at org.apache.catalina.core.StandardEngine.startInternal(StandardEngine.java:261)
	at org.apache.catalina.util.LifecycleBase.start(LifecycleBase.java:183)
	at org.apache.catalina.core.StandardService.startInternal(StandardService.java:422)
	at org.apache.catalina.util.LifecycleBase.start(LifecycleBase.java:183)
	at org.apache.catalina.core.StandardServer.startInternal(StandardServer.java:770)
	at org.apache.catalina.util.LifecycleBase.start(LifecycleBase.java:183)
	at org.apache.catalina.startup.Catalina.start(Catalina.java:682)
	at java.base/jdk.internal.reflect.NativeMethodAccessorImpl.invoke0(Native Method)
	at java.base/jdk.internal.reflect.NativeMethodAccessorImpl.invoke(NativeMethodAccessorImpl.java:62)
	at java.base/jdk.internal.reflect.DelegatingMethodAccessorImpl.invoke(DelegatingMethodAccessorImpl.java:43)
	at java.base/java.lang.reflect.Method.invoke(Method.java:566)
	at org.apache.catalina.startup.Bootstrap.start(Bootstrap.java:350)
	at org.apache.catalina.startup.Bootstrap.main(Bootstrap.java:492)

12-Mar-2019 17:34:16.562 FINE [main] org.apache.catalina.core.StandardContext.filterStart  Starting filter 'Tomcat WebSocket (JSR356) Filter'
12-Mar-2019 17:34:16.563 FINE [main] org.apache.catalina.core.StandardContext.filterStart  Starting filter 'EmptyBodyFilter'
12-Mar-2019 17:34:16.564 FINE [main] org.apache.catalina.core.StandardContext.filterStart  Starting filter 'CacheControlFilter'
12-Mar-2019 17:34:16.568 FINE [main] org.apache.catalina.core.StandardContext.filterStop Stopping filters
12-Mar-2019 17:34:16.568 FINE [main] org.apache.catalina.core.StandardContext.filterStop  Stopping filter 'Tomcat WebSocket (JSR356) Filter'
12-Mar-2019 17:34:16.568 FINE [main] org.apache.catalina.core.StandardContext.filterStop  Stopping filter 'EmptyBodyFilter'
12-Mar-2019 17:34:16.569 FINE [main] org.apache.catalina.core.StandardContext.filterStop  Stopping filter 'CacheControlFilter'
12-Mar-2019 17:34:16.609 FINE [main] org.apache.catalina.core.StandardContext.listenerStart Sending application start events
12-Mar-2019 17:34:16.610 FINE [main] org.apache.catalina.core.StandardContext.filterStart Starting filters
12-Mar-2019 17:34:16.610 FINE [main] org.apache.catalina.core.StandardContext.filterStart  Starting filter 'Tomcat WebSocket (JSR356) Filter'
12-Mar-2019 17:34:16.730 FINE [main] org.apache.catalina.core.StandardContext.listenerStart  Configuring event listener class 'org.camunda.bpm.cockpit.impl.web.bootstrap.CockpitContainerBootstrap'
12-Mar-2019 17:34:16.731 FINE [main] org.apache.catalina.core.StandardContext.listenerStart  Configuring event listener class 'org.camunda.bpm.admin.impl.web.bootstrap.AdminContainerBootstrap'
12-Mar-2019 17:34:16.731 FINE [main] org.apache.catalina.core.StandardContext.listenerStart  Configuring event listener class 'org.camunda.bpm.tasklist.impl.web.bootstrap.TasklistContainerBootstrap'
12-Mar-2019 17:34:16.732 FINE [main] org.apache.catalina.core.StandardContext.listenerStart  Configuring event listener class 'org.camunda.bpm.welcome.impl.web.bootstrap.WelcomeContainerBootstrap'
12-Mar-2019 17:34:16.732 FINE [main] org.apache.catalina.core.StandardContext.listenerStart  Configuring event listener class 'org.camunda.bpm.webapp.impl.security.filter.util.HttpSessionMutexListener'
12-Mar-2019 17:34:16.733 FINE [main] org.apache.catalina.core.StandardContext.listenerStart Sending application start events
12-Mar-2019 17:34:16.748 FINE [main] org.apache.catalina.core.StandardContext.filterStart Starting filters
12-Mar-2019 17:34:16.748 FINE [main] org.apache.catalina.core.StandardContext.filterStart  Starting filter 'Engines Filter'
12-Mar-2019 17:34:16.749 FINE [main] org.apache.catalina.core.StandardContext.filterStart  Starting filter 'Tomcat WebSocket (JSR356) Filter'
12-Mar-2019 17:34:16.749 FINE [main] org.apache.catalina.core.StandardContext.filterStart  Starting filter 'CsrfPreventionFilter'
12-Mar-2019 17:34:16.750 FINE [main] org.apache.catalina.core.StandardContext.filterStart  Starting filter 'SecurityFilter'
12-Mar-2019 17:34:17.214 FINE [main] org.apache.catalina.core.StandardContext.filterStart  Starting filter 'Authentication Filter'
12-Mar-2019 17:34:17.214 FINE [main] org.apache.catalina.core.StandardContext.filterStart  Starting filter 'EmptyBodyFilter'
12-Mar-2019 17:34:17.215 FINE [main] org.apache.catalina.core.StandardContext.filterStart  Starting filter 'CacheControlFilter'
12-Mar-2019 17:34:17.233 FINE [main] org.apache.catalina.core.StandardContext.listenerStart Sending application start events
12-Mar-2019 17:34:17.233 FINE [main] org.apache.catalina.core.StandardContext.filterStart Starting filters
12-Mar-2019 17:34:17.234 FINE [main] org.apache.catalina.core.StandardContext.filterStart  Starting filter 'Tomcat WebSocket (JSR356) Filter'
12-Mar-2019 17:34:17.297 FINE [main] org.apache.catalina.core.StandardContext.listenerStart Sending application start events
12-Mar-2019 17:34:18.018 FINE [main] org.apache.catalina.core.StandardContext.filterStart Starting filters
12-Mar-2019 17:34:18.018 FINE [main] org.apache.catalina.core.StandardContext.filterStart  Starting filter 'Tomcat WebSocket (JSR356) Filter'
12-Mar-2019 17:34:18.209 FINE [main] org.apache.catalina.core.StandardContext.listenerStart  Configuring event listener class 'listeners.ContextListener'
12-Mar-2019 17:34:18.210 FINE [main] org.apache.catalina.core.StandardContext.listenerStart  Configuring event listener class 'listeners.SessionListener'
12-Mar-2019 17:34:18.212 FINE [main] org.apache.catalina.core.StandardContext.listenerStart  Configuring event listener class 'async.AsyncStockContextListener'
12-Mar-2019 17:34:18.213 FINE [main] org.apache.catalina.core.StandardContext.listenerStart  Configuring event listener class 'websocket.drawboard.DrawboardContextListener'
12-Mar-2019 17:34:18.214 FINE [main] org.apache.catalina.core.StandardContext.listenerStart Sending application start events
12-Mar-2019 17:34:18.214 INFO [main] org.apache.catalina.core.ApplicationContext.log ContextListener: contextInitialized()
12-Mar-2019 17:34:18.215 INFO [main] org.apache.catalina.core.ApplicationContext.log SessionListener: contextInitialized()
12-Mar-2019 17:34:18.217 INFO [main] org.apache.catalina.core.ApplicationContext.log ContextListener: attributeAdded('StockTicker', 'async.Stockticker@5abc5854')
12-Mar-2019 17:34:18.218 FINE [main] org.apache.catalina.core.StandardContext.filterStart Starting filters
12-Mar-2019 17:34:18.219 FINE [main] org.apache.catalina.core.StandardContext.filterStart  Starting filter 'Compression Filter'
12-Mar-2019 17:34:18.220 FINE [main] org.apache.catalina.core.StandardContext.filterStart  Starting filter 'Request Dumper Filter'
12-Mar-2019 17:34:18.222 FINE [main] org.apache.catalina.core.StandardContext.filterStart  Starting filter 'Tomcat WebSocket (JSR356) Filter'
12-Mar-2019 17:34:18.223 FINE [main] org.apache.catalina.core.StandardContext.filterStart  Starting filter 'Timing Filter'
12-Mar-2019 17:34:18.243 FINE [main] org.apache.catalina.core.StandardContext.listenerStart Sending application start events
12-Mar-2019 17:34:18.243 FINE [main] org.apache.catalina.core.StandardContext.filterStart Starting filters
12-Mar-2019 17:34:18.244 FINE [main] org.apache.catalina.core.StandardContext.filterStart  Starting filter 'Tomcat WebSocket (JSR356) Filter'
